This is pdfTeX, Version 3.14159265-2.6-1.40.19 (TeX Live 2018/W32TeX) (preloaded format=pdflatex 2018.10.24)  9 NOV 2018 13:17
entering extended mode
 restricted \write18 enabled.
 %&-line parsing enabled.
**template.tex
(./template.tex
LaTeX2e <2018-04-01> patch level 2
Babel <3.18> and hyphenation patterns for 84 language(s) loaded.
(./aas.cls
Document Class: aas 2006/04/24 v0.3 AAS CJK LaTeX template class
(d:/wp/texlive/2018/texmf-dist/tex/latex/base/article.cls
Document Class: article 2014/09/29 v1.4h Standard LaTeX document class
(d:/wp/texlive/2018/texmf-dist/tex/latex/base/size10.clo
File: size10.clo 2014/09/29 v1.4h Standard LaTeX file (size option)
)
\c@part=\count80
\c@section=\count81
\c@subsection=\count82
\c@subsubsection=\count83
\c@paragraph=\count84
\c@subparagraph=\count85
\c@figure=\count86
\c@table=\count87
\abovecaptionskip=\skip41
\belowcaptionskip=\skip42
\bibindent=\dimen102
)
(d:/wp/texlive/2018/texmf-dist/tex/latex/base/ifthen.sty
Package: ifthen 2014/09/29 v1.1c Standard LaTeX ifthen package (DPC)
) (./flushend.sty
Package: flushend 2002/06/11
\@aaa=\box26
\@ccc=\box27
\lastskip@a=\skip43
\lastskip@b=\skip44
\lastskip@d=\skip45
\lastbox@a=\box28
\@viper=\box29
\hold@viper=\box30
\atColsBreak=\toks14
\@extra@skip=\dimen103
\@nd@page@rule=\dimen104
)
(d:/wp/texlive/2018/texmf-dist/tex/latex/cjk/texinput/CJK.sty
Package: CJK 2015/04/18 4.8.4

(d:/wp/texlive/2018/texmf-dist/tex/latex/cjk/texinput/mule/MULEenc.sty
Package: MULEenc 2015/04/18 4.8.4
)
(d:/wp/texlive/2018/texmf-dist/tex/latex/cjk/texinput/CJK.enc
File: CJK.enc 2015/04/18 4.8.4
Now handling font encoding C00 ...
... no UTF-8 mapping file for font encoding C00
Now handling font encoding C05 ...
... no UTF-8 mapping file for font encoding C05
Now handling font encoding C09 ...
... no UTF-8 mapping file for font encoding C09
Now handling font encoding C10 ...
... no UTF-8 mapping file for font encoding C10
Now handling font encoding C20 ...
... no UTF-8 mapping file for font encoding C20
Now handling font encoding C19 ...
... no UTF-8 mapping file for font encoding C19
Now handling font encoding C40 ...
... no UTF-8 mapping file for font encoding C40
Now handling font encoding C42 ...
... no UTF-8 mapping file for font encoding C42
Now handling font encoding C43 ...
... no UTF-8 mapping file for font encoding C43
Now handling font encoding C50 ...
... no UTF-8 mapping file for font encoding C50
Now handling font encoding C52 ...
... no UTF-8 mapping file for font encoding C52
Now handling font encoding C49 ...
... no UTF-8 mapping file for font encoding C49
Now handling font encoding C60 ...
... no UTF-8 mapping file for font encoding C60
Now handling font encoding C61 ...
... no UTF-8 mapping file for font encoding C61
Now handling font encoding C63 ...
... no UTF-8 mapping file for font encoding C63
Now handling font encoding C64 ...
... no UTF-8 mapping file for font encoding C64
Now handling font encoding C65 ...
... no UTF-8 mapping file for font encoding C65
Now handling font encoding C70 ...
... no UTF-8 mapping file for font encoding C70
Now handling font encoding C31 ...
... no UTF-8 mapping file for font encoding C31
Now handling font encoding C32 ...
... no UTF-8 mapping file for font encoding C32
Now handling font encoding C33 ...
... no UTF-8 mapping file for font encoding C33
Now handling font encoding C34 ...
... no UTF-8 mapping file for font encoding C34
Now handling font encoding C35 ...
... no UTF-8 mapping file for font encoding C35
Now handling font encoding C36 ...
... no UTF-8 mapping file for font encoding C36
Now handling font encoding C37 ...
... no UTF-8 mapping file for font encoding C37
Now handling font encoding C80 ...
... no UTF-8 mapping file for font encoding C80
Now handling font encoding C81 ...
... no UTF-8 mapping file for font encoding C81
Now handling font encoding C01 ...
... no UTF-8 mapping file for font encoding C01
Now handling font encoding C11 ...
... no UTF-8 mapping file for font encoding C11
Now handling font encoding C21 ...
... no UTF-8 mapping file for font encoding C21
Now handling font encoding C41 ...
... no UTF-8 mapping file for font encoding C41
Now handling font encoding C62 ...
... no UTF-8 mapping file for font encoding C62
)
LaTeX Info: Redefining \selectfont on input line 755.
\CJK@indent=\box31
)
(d:/wp/texlive/2018/texmf-dist/tex/latex/cjk/texinput/CJKnumb.sty
Package: CJKnumb 2015/04/18 4.8.4
\CJK@q=\count88
\CJK@r=\count89
)
(./CJKpunct.sty
Package: CJKpunct 2005/10/18 4.6.0
LaTeX Info: Redefining \texttt on input line 419.
) (d:/wp/texlive/2018/texmf-dist/tex/latex/picins/picins.sty
Option `picins' Version 3.0 Sep. 1992, TH Darmstadt/HRZ
\@BILD=\box32
\@TEXT=\box33
\d@breite=\dimen105
\d@hoehe=\dimen106
\d@xoff=\dimen107
\d@yoff=\dimen108
\d@shad=\dimen109
\d@dash=\dimen110
\d@boxl=\dimen111
\d@pichskip=\dimen112
\d@tmp=\dimen113
\d@tmpa=\dimen114
\d@bskip=\dimen115
\hsiz@=\dimen116
\p@getot@l=\dimen117
\c@breite=\count90
\c@hoehe=\count91
\c@xoff=\count92
\c@yoff=\count93
\c@pos=\count94
\c@shad=\count95
\c@dash=\count96
\c@boxl=\count97
\c@zeilen=\count98
\@changemode=\count99
\c@piccaption=\count100
\c@piccaptionpos=\count101
\c@picpos=\count102
\c@whole=\count103
\c@half=\count104
\c@tmp=\count105
\c@tmpa=\count106
\c@tmpb=\count107
\c@tmpc=\count108
\c@tmpd=\count109
\d@leftskip=\skip46
\ptoti=\dimen118
\ptotii=\dimen119
\env@box=\box34
\d@envdp=\dimen120
\c@hsize=\count110
\c@envdp=\count111
\d@envb=\dimen121
)
(d:/wp/texlive/2018/texmf-dist/tex/latex/tools/calc.sty
Package: calc 2017/05/25 v4.3 Infix arithmetic (KKT,FJ)
\calc@Acount=\count112
\calc@Bcount=\count113
\calc@Adimen=\dimen122
\calc@Bdimen=\dimen123
\calc@Askip=\skip47
\calc@Bskip=\skip48
LaTeX Info: Redefining \setlength on input line 80.
LaTeX Info: Redefining \addtolength on input line 81.
\calc@Ccount=\count114
\calc@Cskip=\skip49
)
\aas@linespace=\skip50


LaTeX Font Warning: Font shape `OT1/cmr/m/n' in size <10.53937> not available
(Font)              size <10.95> substituted on input line 134.

) (d:/wp/texlive/2018/texmf-dist/tex/latex/tools/multicol.sty
Package: multicol 2018/04/01 v1.8r multicolumn formatting (FMi)
\c@tracingmulticols=\count115
\mult@box=\box35
\multicol@leftmargin=\dimen124
\c@unbalance=\count116
\c@collectmore=\count117
\doublecol@number=\count118
\multicoltolerance=\count119
\multicolpretolerance=\count120
\full@width=\dimen125
\page@free=\dimen126
\premulticols=\dimen127
\postmulticols=\dimen128
\multicolsep=\skip51
\multicolbaselineskip=\skip52
\partial@page=\box36
\last@line=\box37
\maxbalancingoverflow=\dimen129
\mult@rightbox=\box38
\mult@grightbox=\box39
\mult@gfirstbox=\box40
\mult@firstbox=\box41
\@tempa=\box42
\@tempa=\box43
\@tempa=\box44
\@tempa=\box45
\@tempa=\box46
\@tempa=\box47
\@tempa=\box48
\@tempa=\box49
\@tempa=\box50
\@tempa=\box51
\@tempa=\box52
\@tempa=\box53
\@tempa=\box54
\@tempa=\box55
\@tempa=\box56
\@tempa=\box57
\@tempa=\box58
\c@columnbadness=\count121
\c@finalcolumnbadness=\count122
\last@try=\dimen130
\multicolovershoot=\dimen131
\multicolundershoot=\dimen132
\mult@nat@firstbox=\box59
\colbreak@box=\box60
\mc@col@check@num=\count123
) (./psfig.sty
\@unused=\write3
\ps@stream=\read1
\p@intvaluex=\dimen133
\p@intvaluey=\dimen134

psfig/tex 1.10-dvips
) (d:/wp/texlive/2018/texmf-dist/tex/latex/subfigure/subfigure.sty
Package: subfigure 2002/03/15 v2.1.5 subfigure package
\subfigtopskip=\skip53
\subfigcapskip=\skip54
\subfigcaptopadj=\dimen135
\subfigbottomskip=\skip55
\subfigcapmargin=\dimen136
\subfiglabelskip=\skip56
\c@subfigure=\count124
\c@lofdepth=\count125
\c@subtable=\count126
\c@lotdepth=\count127

****************************************
* Local config file subfigure.cfg used *
****************************************
(d:/wp/texlive/2018/texmf-dist/tex/latex/subfigure/subfigure.cfg)
\subfig@top=\skip57
\subfig@bottom=\skip58
)
(d:/wp/texlive/2018/texmf-dist/tex/latex/amsmath/amsmath.sty
Package: amsmath 2017/09/02 v2.17a AMS math features
\@mathmargin=\skip59

For additional information on amsmath, use the `?' option.
(d:/wp/texlive/2018/texmf-dist/tex/latex/amsmath/amstext.sty
Package: amstext 2000/06/29 v2.01 AMS text

(d:/wp/texlive/2018/texmf-dist/tex/latex/amsmath/amsgen.sty
File: amsgen.sty 1999/11/30 v2.0 generic functions
\@emptytoks=\toks15
\ex@=\dimen137
))
(d:/wp/texlive/2018/texmf-dist/tex/latex/amsmath/amsbsy.sty
Package: amsbsy 1999/11/29 v1.2d Bold Symbols
\pmbraise@=\dimen138
)
(d:/wp/texlive/2018/texmf-dist/tex/latex/amsmath/amsopn.sty
Package: amsopn 2016/03/08 v2.02 operator names
)
\inf@bad=\count128
LaTeX Info: Redefining \frac on input line 213.
\uproot@=\count129
\leftroot@=\count130
LaTeX Info: Redefining \overline on input line 375.
\classnum@=\count131
\DOTSCASE@=\count132
LaTeX Info: Redefining \ldots on input line 472.
LaTeX Info: Redefining \dots on input line 475.
LaTeX Info: Redefining \cdots on input line 596.
\Mathstrutbox@=\box61
\strutbox@=\box62
\big@size=\dimen139
LaTeX Font Info:    Redeclaring font encoding OML on input line 712.
LaTeX Font Info:    Redeclaring font encoding OMS on input line 713.
\macc@depth=\count133
\c@MaxMatrixCols=\count134
\dotsspace@=\muskip10
\c@parentequation=\count135
\dspbrk@lvl=\count136
\tag@help=\toks16
\row@=\count137
\column@=\count138
\maxfields@=\count139
\andhelp@=\toks17
\eqnshift@=\dimen140
\alignsep@=\dimen141
\tagshift@=\dimen142
\tagwidth@=\dimen143
\totwidth@=\dimen144
\lineht@=\dimen145
\@envbody=\toks18
\multlinegap=\skip60
\multlinetaggap=\skip61
\mathdisplay@stack=\toks19
LaTeX Info: Redefining \[ on input line 2817.
LaTeX Info: Redefining \] on input line 2818.
)
(d:/wp/texlive/2018/texmf-dist/tex/latex/amsfonts/amssymb.sty
Package: amssymb 2013/01/14 v3.01 AMS font symbols

(d:/wp/texlive/2018/texmf-dist/tex/latex/amsfonts/amsfonts.sty
Package: amsfonts 2013/01/14 v3.01 Basic AMSFonts support
\symAMSa=\mathgroup4
\symAMSb=\mathgroup5
LaTeX Font Info:    Overwriting math alphabet `\mathfrak' in version `bold'
(Font)                  U/euf/m/n --> U/euf/b/n on input line 106.
))
(d:/wp/texlive/2018/texmf-dist/tex/latex/graphics/graphicx.sty
Package: graphicx 2017/06/01 v1.1a Enhanced LaTeX Graphics (DPC,SPQR)

(d:/wp/texlive/2018/texmf-dist/tex/latex/graphics/keyval.sty
Package: keyval 2014/10/28 v1.15 key=value parser (DPC)
\KV@toks@=\toks20
)
(d:/wp/texlive/2018/texmf-dist/tex/latex/graphics/graphics.sty
Package: graphics 2017/06/25 v1.2c Standard LaTeX Graphics (DPC,SPQR)

(d:/wp/texlive/2018/texmf-dist/tex/latex/graphics/trig.sty
Package: trig 2016/01/03 v1.10 sin cos tan (DPC)
)
(d:/wp/texlive/2018/texmf-dist/tex/latex/graphics-cfg/graphics.cfg
File: graphics.cfg 2016/06/04 v1.11 sample graphics configuration
)
Package graphics Info: Driver file: pdftex.def on input line 99.

(d:/wp/texlive/2018/texmf-dist/tex/latex/graphics-def/pdftex.def
File: pdftex.def 2018/01/08 v1.0l Graphics/color driver for pdftex
))
\Gin@req@height=\dimen146
\Gin@req@width=\dimen147
)
(d:/wp/texlive/2018/texmf-dist/tex/latex/url/url.sty
\Urlmuskip=\muskip11
Package: url 2013/09/16  ver 3.4  Verb mode for urls, etc.
)
(d:/wp/texlive/2018/texmf-dist/tex/latex/ccaption/ccaption.sty
Package: ccaption 2011/08/07 v3.2c Extended captioning and new floats
\@contcwidth=\skip62
\@contindw=\skip63
\abovelegendskip=\skip64
\belowlegendskip=\skip65
\c@newflo@tctr=\count140
)
(d:/wp/texlive/2018/texmf-dist/tex/latex/booktabs/booktabs.sty
Package: booktabs 2016/04/27 v1.618033 publication quality tables
\heavyrulewidth=\dimen148
\lightrulewidth=\dimen149
\cmidrulewidth=\dimen150
\belowrulesep=\dimen151
\belowbottomsep=\dimen152
\aboverulesep=\dimen153
\abovetopsep=\dimen154
\cmidrulesep=\dimen155
\cmidrulekern=\dimen156
\defaultaddspace=\dimen157
\@cmidla=\count141
\@cmidlb=\count142
\@aboverulesep=\dimen158
\@belowrulesep=\dimen159
\@thisruleclass=\count143
\@lastruleclass=\count144
\@thisrulewidth=\dimen160
) (./template.aux)
\openout1 = `template.aux'.

LaTeX Font Info:    Checking defaults for OML/cmm/m/it on input line 15.
LaTeX Font Info:    ... okay on input line 15.
LaTeX Font Info:    Checking defaults for T1/cmr/m/n on input line 15.
LaTeX Font Info:    ... okay on input line 15.
LaTeX Font Info:    Checking defaults for OT1/cmr/m/n on input line 15.
LaTeX Font Info:    ... okay on input line 15.
LaTeX Font Info:    Checking defaults for OMS/cmsy/m/n on input line 15.
LaTeX Font Info:    ... okay on input line 15.
LaTeX Font Info:    Checking defaults for OMX/cmex/m/n on input line 15.
LaTeX Font Info:    ... okay on input line 15.
LaTeX Font Info:    Checking defaults for U/cmr/m/n on input line 15.
LaTeX Font Info:    ... okay on input line 15.
LaTeX Font Info:    Checking defaults for C00/song/m/n on input line 15.
LaTeX Font Info:    ... okay on input line 15.
LaTeX Font Info:    Checking defaults for C05/song/m/n on input line 15.
LaTeX Font Info:    ... okay on input line 15.
LaTeX Font Info:    Checking defaults for C09/song/m/n on input line 15.
LaTeX Font Info:    ... okay on input line 15.
LaTeX Font Info:    Checking defaults for C10/song/m/n on input line 15.
LaTeX Font Info:    ... okay on input line 15.
LaTeX Font Info:    Checking defaults for C20/song/m/n on input line 15.
LaTeX Font Info:    ... okay on input line 15.
LaTeX Font Info:    Checking defaults for C19/song/m/n on input line 15.
LaTeX Font Info:    ... okay on input line 15.
LaTeX Font Info:    Checking defaults for C40/song/m/n on input line 15.
LaTeX Font Info:    ... okay on input line 15.
LaTeX Font Info:    Checking defaults for C42/song/m/n on input line 15.
LaTeX Font Info:    ... okay on input line 15.
LaTeX Font Info:    Checking defaults for C43/song/m/n on input line 15.
LaTeX Font Info:    ... okay on input line 15.
LaTeX Font Info:    Checking defaults for C50/song/m/n on input line 15.
LaTeX Font Info:    ... okay on input line 15.
LaTeX Font Info:    Checking defaults for C52/song/m/n on input line 15.
LaTeX Font Info:    ... okay on input line 15.
LaTeX Font Info:    Checking defaults for C49/song/m/n on input line 15.
LaTeX Font Info:    ... okay on input line 15.
LaTeX Font Info:    Checking defaults for C60/mj/m/n on input line 15.
LaTeX Font Info:    ... okay on input line 15.
LaTeX Font Info:    Checking defaults for C61/mj/m/n on input line 15.
LaTeX Font Info:    ... okay on input line 15.
LaTeX Font Info:    Checking defaults for C63/mj/m/n on input line 15.
LaTeX Font Info:    ... okay on input line 15.
LaTeX Font Info:    Checking defaults for C64/mj/m/n on input line 15.
LaTeX Font Info:    ... okay on input line 15.
LaTeX Font Info:    Checking defaults for C65/mj/m/n on input line 15.
LaTeX Font Info:    ... okay on input line 15.
LaTeX Font Info:    Checking defaults for C70/song/m/n on input line 15.
LaTeX Font Info:    ... okay on input line 15.
LaTeX Font Info:    Checking defaults for C31/song/m/n on input line 15.
LaTeX Font Info:    ... okay on input line 15.
LaTeX Font Info:    Checking defaults for C32/song/m/n on input line 15.
LaTeX Font Info:    ... okay on input line 15.
LaTeX Font Info:    Checking defaults for C33/song/m/n on input line 15.
LaTeX Font Info:    ... okay on input line 15.
LaTeX Font Info:    Checking defaults for C34/song/m/n on input line 15.
LaTeX Font Info:    ... okay on input line 15.
LaTeX Font Info:    Checking defaults for C35/song/m/n on input line 15.
LaTeX Font Info:    ... okay on input line 15.
LaTeX Font Info:    Checking defaults for C36/song/m/n on input line 15.
LaTeX Font Info:    ... okay on input line 15.
LaTeX Font Info:    Checking defaults for C37/song/m/n on input line 15.
LaTeX Font Info:    ... okay on input line 15.
LaTeX Font Info:    Checking defaults for C80/song/m/n on input line 15.
LaTeX Font Info:    ... okay on input line 15.
LaTeX Font Info:    Checking defaults for C81/song/m/n on input line 15.
LaTeX Font Info:    ... okay on input line 15.
LaTeX Font Info:    Checking defaults for C01/song/m/n on input line 15.
LaTeX Font Info:    ... okay on input line 15.
LaTeX Font Info:    Checking defaults for C11/song/m/n on input line 15.
LaTeX Font Info:    ... okay on input line 15.
LaTeX Font Info:    Checking defaults for C21/song/m/n on input line 15.
LaTeX Font Info:    ... okay on input line 15.
LaTeX Font Info:    Checking defaults for C41/song/m/n on input line 15.
LaTeX Font Info:    ... okay on input line 15.
LaTeX Font Info:    Checking defaults for C62/song/m/n on input line 15.
LaTeX Font Info:    ... okay on input line 15.
 (d:/wp/texlive/2018/texmf-dist/tex/latex/cjk/texinput/standard.bdg
File: standard.bdg 2015/04/18 4.8.4
)
(d:/wp/texlive/2018/texmf-dist/tex/latex/cjk/texinput/extended.enc
File: extended.enc 2015/04/18 4.8.4
)
(./extended.chx
File: extended.chx 2004/05/22 4.5.2
)
Warning config file GBKkern.cfg not found.
(./aas.cfg
! Extra }, or forgotten \endgroup.
l.43 }
      
I've deleted a group-closing symbol because it seems to be
spurious, as in `$x}$'. But perhaps the } is legitimate and
you forgot something else, as in `\hbox{$x}'. In such cases
the way to recover is to insert both the forgotten and the
deleted material, e.g., by typing `I$}'.

)
LaTeX Font Info:    Try loading font information for C19+song on input line 15.

 (d:/wp/texlive/2018/texmf-dist/tex/latex/cjk/texinput/GB/c19song.fd
File: c19song.fd 2015/04/18 4.8.4
)
gbk.tbl not found, using gbksong.tbl
(gbksong.tbl)
(d:/wp/texlive/2018/texmf-dist/tex/context/base/mkii/supp-pdf.mkii
[Loading MPS to PDF converter (version 2006.09.02).]
\scratchcounter=\count145
\scratchdimen=\dimen161
\scratchbox=\box63
\nofMPsegments=\count146
\nofMParguments=\count147
\everyMPshowfont=\toks21
\MPscratchCnt=\count148
\MPscratchDim=\dimen162
\MPnumerator=\count149
\makeMPintoPDFobject=\count150
\everyMPtoPDFconversion=\toks22
) (d:/wp/texlive/2018/texmf-dist/tex/latex/oberdiek/epstopdf-base.sty
Package: epstopdf-base 2016/05/15 v2.6 Base part for package epstopdf

(d:/wp/texlive/2018/texmf-dist/tex/generic/oberdiek/infwarerr.sty
Package: infwarerr 2016/05/16 v1.4 Providing info/warning/error messages (HO)
)
(d:/wp/texlive/2018/texmf-dist/tex/latex/oberdiek/grfext.sty
Package: grfext 2016/05/16 v1.2 Manage graphics extensions (HO)

(d:/wp/texlive/2018/texmf-dist/tex/generic/oberdiek/kvdefinekeys.sty
Package: kvdefinekeys 2016/05/16 v1.4 Define keys (HO)

(d:/wp/texlive/2018/texmf-dist/tex/generic/oberdiek/ltxcmds.sty
Package: ltxcmds 2016/05/16 v1.23 LaTeX kernel commands for general use (HO)
)))
(d:/wp/texlive/2018/texmf-dist/tex/latex/oberdiek/kvoptions.sty
Package: kvoptions 2016/05/16 v3.12 Key value format for package options (HO)

(d:/wp/texlive/2018/texmf-dist/tex/generic/oberdiek/kvsetkeys.sty
Package: kvsetkeys 2016/05/16 v1.17 Key value parser (HO)

(d:/wp/texlive/2018/texmf-dist/tex/generic/oberdiek/etexcmds.sty
Package: etexcmds 2016/05/16 v1.6 Avoid name clashes with e-TeX commands (HO)

(d:/wp/texlive/2018/texmf-dist/tex/generic/oberdiek/ifluatex.sty
Package: ifluatex 2016/05/16 v1.4 Provides the ifluatex switch (HO)
Package ifluatex Info: LuaTeX not detected.
)
Package etexcmds Info: Could not find \expanded.
(etexcmds)             That can mean that you are not using pdfTeX 1.50 or
(etexcmds)             that some package has redefined \expanded.
(etexcmds)             In the latter case, load this package earlier.
)))
(d:/wp/texlive/2018/texmf-dist/tex/generic/oberdiek/pdftexcmds.sty
Package: pdftexcmds 2018/01/30 v0.27 Utility functions of pdfTeX for LuaTeX (HO
)

(d:/wp/texlive/2018/texmf-dist/tex/generic/oberdiek/ifpdf.sty
Package: ifpdf 2017/03/15 v3.2 Provides the ifpdf switch
)
Package pdftexcmds Info: LuaTeX not detected.
Package pdftexcmds Info: \pdf@primitive is available.
Package pdftexcmds Info: \pdf@ifprimitive is available.
Package pdftexcmds Info: \pdfdraftmode found.
)
Package epstopdf-base Info: Redefining graphics rule for `.eps' on input line 4
38.
Package grfext Info: Graphics extension search list:
(grfext)             [.pdf,.png,.jpg,.mps,.jpeg,.jbig2,.jb2,.PDF,.PNG,.JPG,.JPE
G,.JBIG2,.JB2,.eps]
(grfext)             \AppendGraphicsExtensions on input line 456.

(d:/wp/texlive/2018/texmf-dist/tex/latex/latexconfig/epstopdf-sys.cfg
File: epstopdf-sys.cfg 2010/07/13 v1.3 Configuration of (r)epstopdf for TeX Liv
e
))

LaTeX Font Warning: Font shape `OT1/cmr/m/n' in size <18.06749> not available
(Font)              size <17.28> substituted on input line 67.

LaTeX Font Info:    Try loading font information for C19+hei on input line 67.
(d:/wp/texlive/2018/texmf-dist/tex/latex/zhmetrics/c19hei.fd
File: c19hei.fd 2009/09/23 4.8.2
) (gbkhei.tbl)
LaTeX Font Info:    Calculating math sizes for size <10.53937> on input line 67
.


LaTeX Font Warning: Font shape `OML/cmm/m/it' in size <10.53937> not available
(Font)              size <10.95> substituted on input line 67.


LaTeX Font Warning: Font shape `OMS/cmsy/m/n' in size <10.53937> not available
(Font)              size <10.95> substituted on input line 67.

LaTeX Font Info:    Try loading font information for U+msa on input line 67.
(d:/wp/texlive/2018/texmf-dist/tex/latex/amsfonts/umsa.fd
File: umsa.fd 2013/01/14 v3.01 AMS symbols A
)
LaTeX Font Info:    Try loading font information for U+msb on input line 67.

(d:/wp/texlive/2018/texmf-dist/tex/latex/amsfonts/umsb.fd
File: umsb.fd 2013/01/14 v3.01 AMS symbols B
)
LaTeX Font Info:    Try loading font information for C19+fs on input line 67.

(d:/wp/texlive/2018/texmf-dist/tex/latex/zhmetrics/c19fs.fd
File: c19fs.fd 2009/09/23 4.8.2
)
LaTeX Font Info:    Calculating math sizes for size <12.045> on input line 67.


LaTeX Font Warning: Font shape `OT1/cmr/m/n' in size <8.43146> not available
(Font)              size <8> substituted on input line 67.


LaTeX Font Warning: Font shape `OML/cmm/m/it' in size <8.43146> not available
(Font)              size <8> substituted on input line 67.


LaTeX Font Warning: Font shape `OMS/cmsy/m/n' in size <8.43146> not available
(Font)              size <8> substituted on input line 67.

! Undefined control sequence.
\@maketitle ... \vskip 0.2\baselineskip \caddress 
                                                  \par \vskip 0.2\baselinesk...
l.67 \maketitle
               
The control sequence at the end of the top line
of your error message was never \def'ed. If you have
misspelled it (e.g., `\hobx'), type `I' and the correct
spelling (e.g., `I\hbox'). Otherwise just continue,
and I'll forget about whatever was undefined.

! Undefined control sequence.
\@maketitle ...r \vskip 0.2\baselineskip \aas@doi 
                                                  \par }\vskip 0.7\baselines...
l.67 \maketitle
               
The control sequence at the end of the top line
of your error message was never \def'ed. If you have
misspelled it (e.g., `\hobx'), type `I' and the correct
spelling (e.g., `I\hbox'). Otherwise just continue,
and I'll forget about whatever was undefined.

LaTeX Font Info:    Calculating math sizes for size <9.03374> on input line 67.


LaTeX Font Warning: Font shape `OT1/cmr/m/n' in size <4.51686> not available
(Font)              size <5> substituted on input line 67.


LaTeX Font Warning: Font shape `OML/cmm/m/it' in size <4.51686> not available
(Font)              size <5> substituted on input line 67.


LaTeX Font Warning: Font shape `OMS/cmsy/m/n' in size <4.51686> not available
(Font)              size <5> substituted on input line 67.

! Undefined control sequence.
\@maketitle ...ip 0.2\baselineskip \aas@enaddress 
                                                  \par }\vskip 1.5\baselines...
l.67 \maketitle
               
The control sequence at the end of the top line
of your error message was never \def'ed. If you have
misspelled it (e.g., `\hobx'), type `I' and the correct
spelling (e.g., `I\hbox'). Otherwise just continue,
and I'll forget about whatever was undefined.


LaTeX Font Warning: Font shape `OT1/cmtt/m/n' in size <10.53937> not available
(Font)              size <10.95> substituted on input line 79.


Underfull \hbox (badness 6125) in paragraph at lines 79--85
[]\C19/song/m/n/10.53937/63 3 \C19/song/m/n/10.53937/64 ^^T \C19/song/m/n/10.53
937/58 © \C19/song/m/n/10.53937/47 m \C19/song/m/n/10.53937/55 © \C19/song/m/n/
10.53937/64 ƒ \C19/song/m/n/10.53937/53 c\OT1/cmr/m/n/10.95 ,\C19/song/m/n/10.5
3937/60 I \C19/song/m/n/10.53937/61 ‡ \C19/song/m/n/10.53937/40 ½ \C19/song/m/n
/10.53937/61 Â[][]\OT1/cmtt/m/n/10.95 \cntitle[]\C19/song/m/n/10.53937/48 5
 []


Underfull \hbox (badness 6284) in paragraph at lines 79--85
\C19/song/m/n/10.53937/40 ½ \C19/song/m/n/10.53937/61 Â \C19/song/m/n/10.53937/
64 ¥ \C19/song/m/n/10.53937/58 © \C19/song/m/n/10.53937/37 I \C19/song/m/n/10.5
3937/57 K\OT1/cmr/m/n/10.95 ,\C19/song/m/n/10.53937/62 ^[][]\OT1/cmtt/m/n/10.95
 \cnauthor[]\C19/song/m/n/10.53937/48 5 \C19/song/m/n/10.53937/40 ½ \C19/song/m
/n/10.53937/61 Â \C19/song/m/n/10.53937/64 ¥ \C19/song/m/n/10.53937/58 © \C19/s
ong/m/n/10.53937/65 Š
 []


Underfull \hbox (badness 1024) in paragraph at lines 79--85
\C19/song/m/n/10.53937/63 ö\OT1/cmr/m/n/10.95 ,\C19/song/m/n/10.53937/62 ^[][]\
OT1/cmtt/m/n/10.95 \cnaddress[]\C19/song/m/n/10.53937/48 5 \C19/song/m/n/10.539
37/40 ½ \C19/song/m/n/10.53937/61 Â \C19/song/m/n/10.53937/64 ¥ \C19/song/m/n/1
0.53937/58 © \C19/song/m/n/10.53937/40 / \C19/song/m/n/10.53937/64 Œ\OT1/cmr/m/
n/10.95 , \C19/song/m/n/10.53937/62 ^[][]\OT1/cmtt/m/n/10.95 \email[]\C19/song/
m/n/10.53937/48 5
 []


Underfull \hbox (badness 1546) in paragraph at lines 79--85
\C19/song/m/n/10.53937/40 ½ \C19/song/m/n/10.53937/61 Â[][]\OT1/cmtt/m/n/10.95 
\email[]\C19/song/m/n/10.53937/40 / \C19/song/m/n/10.53937/64 Œ\OT1/cmr/m/n/10.
95 ,\C19/song/m/n/10.53937/62 ^[][]\OT1/cmtt/m/n/10.95 \cnabstract[]\C19/song/m
/n/10.53937/48 5 \C19/song/m/n/10.53937/40 ½ \C19/song/m/n/10.53937/61 Â \C19/s
ong/m/n/10.53937/64 ¥ \C19/song/m/n/10.53937/58 © \C19/song/m/n/10.53937/63 Á
 []


Underfull \hbox (badness 3861) in paragraph at lines 79--85
\C19/song/m/n/10.53937/61 ‡\OT1/cmr/m/n/10.95 ,\C19/song/m/n/10.53937/62 ^[][]\
OT1/cmtt/m/n/10.95 \cnkeyword[]\C19/song/m/n/10.53937/48 5 \C19/song/m/n/10.539
37/40 ½ \C19/song/m/n/10.53937/61 Â \C19/song/m/n/10.53937/64 ¥ \C19/song/m/n/1
0.53937/58 © \C19/song/m/n/10.53937/43 ' \C19/song/m/n/10.53937/45 … \C19/song/
m/n/10.53937/39 c\OT1/cmr/m/n/10.95 ; \C19/song/m/n/10.53937/57 Ó \C19/song/m/n
/10.53937/61 ^^X\OT1/cmr/m/n/10.95 ,
 []


Underfull \hbox (badness 5667) in paragraph at lines 79--85
[][]\OT1/cmtt/m/n/10.95 \entitle[]\C19/song/m/n/10.53937/48 5 \C19/song/m/n/10.
53937/40 ½ \C19/song/m/n/10.53937/61 Â \C19/song/m/n/10.53937/64 ¥ \C19/song/m/
n/10.53937/58 © \C19/song/m/n/10.53937/37 I \C19/song/m/n/10.53937/57 K\OT1/cmr
/m/n/10.95 ,\C19/song/m/n/10.53937/62 ^[][]\OT1/cmtt/m/n/10.95 \enauthor[]\C19/
song/m/n/10.53937/48 5 \C19/song/m/n/10.53937/40 ½
 []


Underfull \hbox (badness 3240) in paragraph at lines 79--85
\C19/song/m/n/10.53937/61 Â \C19/song/m/n/10.53937/62 = \C19/song/m/n/10.53937/
58 © \C19/song/m/n/10.53937/65 Š \C19/song/m/n/10.53937/63 ö\OT1/cmr/m/n/10.95 
,\C19/song/m/n/10.53937/62 ^[][]\OT1/cmtt/m/n/10.95 \enaddress[]\C19/song/m/n/1
0.53937/48 5 \C19/song/m/n/10.53937/40 ½ \C19/song/m/n/10.53937/61 Â \C19/song/
m/n/10.53937/62 = \C19/song/m/n/10.53937/58 © \C19/song/m/n/10.53937/40 / \C19/
song/m/n/10.53937/64 Œ\OT1/cmr/m/n/10.95 ,
 []


Underfull \vbox (badness 10000) has occurred while \output is active []


Underfull \vbox (badness 10000) has occurred while \output is active []

 [1{d:/wp/texlive/2018/texmf-var/fonts/map/pdftex/updmap/pdftex.map}


]

LaTeX Font Warning: Font shape `OT1/cmr/bx/n' in size <10.53937> not available
(Font)              size <10.95> substituted on input line 91.


Overfull \vbox (12.04465pt too high) has occurred while \output is active []


[2

]
Underfull \hbox (badness 10000) in paragraph at lines 147--157
[]\C19/song/m/n/10.53937/42 ú \C19/song/m/n/10.53937/55 ª \C19/song/m/n/10.5393
7/53 ž \C19/song/m/n/10.53937/62 ^ \C19/song/m/n/10.53937/36 C \C19/song/m/n/10
.53937/48 . \C19/song/m/n/10.53937/37 Ë \C19/song/m/n/10.53937/55 ê \C19/song/m
/n/10.53937/65 i \C19/song/m/n/10.53937/54 ^^\ \C19/song/m/n/10.53937/58 © \C19
/song/m/n/10.53937/57 Ú \C19/song/m/n/10.53937/61 ˜ \C19/song/m/n/10.53937/37 ?

 []


Underfull \hbox (badness 7595) in paragraph at lines 147--157
\C19/song/m/n/10.53937/43 Ò\OT1/cmr/m/n/10.95 ,\C19/song/m/n/10.53937/58 	 © \C
19/song/m/n/10.53937/65 i \C19/song/m/n/10.53937/51 1 \C19/song/m/n/10.53937/39
 Œ \C19/song/m/n/10.53937/60 ^^B ^^U \C19/song/m/n/10.53937/45 9 \C19/song/m/n/
10.53937/58 © \C19/song/m/n/10.53937/64 « \C19/song/m/n/10.53937/61 ´ \C19/song
/m/n/10.53937/44 · \C19/song/m/n/10.53937/59   \C19/song/m/n/10.53937/40 ^^[\OT
1/cmr/m/n/10.95 ,\C19/song/m/n/10.53937/54 X
 []


LaTeX Font Warning: Command \sl invalid in math mode on input line 173.


LaTeX Font Warning: Command \sl invalid in math mode on input line 173.


LaTeX Font Warning: Command \sl invalid in math mode on input line 173.


LaTeX Font Warning: Command \sl invalid in math mode on input line 173.


Overfull \hbox (2.43333pt too wide) has occurred while \output is active
[] 
 []


Overfull \vbox (12.04465pt too high) has occurred while \output is active []


[3

]
psfig: searching 01.eps for bounding box
psfig: including 01.eps 

Underfull \hbox (badness 10000) in paragraph at lines 239--242
\C19/song/m/n/10.53937/58 · \C19/song/m/n/10.53937/50 ‚ \C19/song/m/n/10.53937/
59 Ž \C19/song/m/n/10.53937/61 Ú \C19/song/m/n/10.53937/62 ^\OT1/cmr/m/n/10.95 
Knuth\C19/song/m/n/10.53937/40 ^^[\OT1/cmr/m/n/10.95 The T[]Xbook,\C19/song/m/n
/10.53937/47 Œ \C19/song/m/n/10.53937/61 ± \C19/song/m/n/10.53937/55 Ñ
 []


LaTeX Font Warning: Font shape `OT1/cmr/m/n' in size <7.52812> not available
(Font)              size <8> substituted on input line 304.

LaTeX Font Info:    Calculating math sizes for size <7.52812> on input line 320
.

LaTeX Font Warning: Font shape `OT1/cmr/m/n' in size <3.76405> not available
(Font)              size <5> substituted on input line 320.


LaTeX Font Warning: Font shape `OML/cmm/m/it' in size <7.52812> not available
(Font)              size <8> substituted on input line 320.


LaTeX Font Warning: Font shape `OML/cmm/m/it' in size <3.76405> not available
(Font)              size <5> substituted on input line 320.


LaTeX Font Warning: Font shape `OMS/cmsy/m/n' in size <7.52812> not available
(Font)              size <8> substituted on input line 320.


LaTeX Font Warning: Font shape `OMS/cmsy/m/n' in size <3.76405> not available
(Font)              size <5> substituted on input line 320.


Underfull \hbox (badness 10000) in alignment at lines 320--320
[][][][][]
 []


Overfull \vbox (12.04465pt too high) has occurred while \output is active []


[4
Non-PDF special ignored!
<special> ps::[begin] 11188078 8391049 0 0 11380244 8551628 startTexFig  
Non-PDF special ignored!
<special> ps: plotfile 01.eps 
Non-PDF special ignored!
<special> ps::[end] endTexFig  
]
psfig: searching 02a.eps for bounding box
psfig: including 02a.eps 
psfig: searching 02b.eps for bounding box
psfig: including 02b.eps 

LaTeX Font Warning: Font shape `OT1/cmr/m/sl' in size <7.52812> not available
(Font)              size <8> substituted on input line 361.


LaTeX Font Warning: Font shape `OT1/cmr/bx/n' in size <7.52812> not available
(Font)              size <8> substituted on input line 365.

Package epstopdf Info: Source file: <ssl.eps>
(epstopdf)                    date: 2011-12-26 15:39:34
(epstopdf)                    size: 860954 bytes
(epstopdf)             Output file: <ssl-eps-converted-to.pdf>
(epstopdf)                    date: 2018-11-09 12:01:44
(epstopdf)                    size: 23659 bytes
(epstopdf)             Command: <repstopdf --outfile=ssl-eps-converted-to.pdf s
sl.eps>
(epstopdf)             \includegraphics on input line 399.
Package epstopdf Info: Output file is already uptodate.
<ssl-eps-converted-to.pdf, id=173, 68.255pt x 85.31876pt>
File: ssl-eps-converted-to.pdf Graphic file (type pdf)
<use ssl-eps-converted-to.pdf>
Package pdftex.def Info: ssl-eps-converted-to.pdf  used on input line 399.
(pdftex.def)             Requested size: 68.29022pt x 85.36278pt.
Package epstopdf Info: Source file: <nmzuo.eps>
(epstopdf)                    date: 2011-12-26 15:39:46
(epstopdf)                    size: 862483 bytes
(epstopdf)             Output file: <nmzuo-eps-converted-to.pdf>
(epstopdf)                    date: 2018-11-09 12:01:46
(epstopdf)                    size: 24535 bytes
(epstopdf)             Command: <repstopdf --outfile=nmzuo-eps-converted-to.pdf
 nmzuo.eps>
(epstopdf)             \includegraphics on input line 416.
Package epstopdf Info: Output file is already uptodate.
<nmzuo-eps-converted-to.pdf, id=174, 68.255pt x 85.31876pt>
File: nmzuo-eps-converted-to.pdf Graphic file (type pdf)
<use nmzuo-eps-converted-to.pdf>
Package pdftex.def Info: nmzuo-eps-converted-to.pdf  used on input line 416.
(pdftex.def)             Requested size: 68.29022pt x 85.36278pt.

Overfull \hbox (2.43333pt too wide) has occurred while \output is active
[] 
 []


Overfull \vbox (12.04465pt too high) has occurred while \output is active []


[5
Non-PDF special ignored!
<special> ps::[begin] 11188078 8726689 0 0 11182899 8814755 startTexFig  
Non-PDF special ignored!
<special> ps: plotfile 02a.eps 
Non-PDF special ignored!
<special> ps::[end] endTexFig  
Non-PDF special ignored!
<special> ps::[begin] 11188078 8726689 0 0 11182899 8814755 startTexFig  
Non-PDF special ignored!
<special> ps: plotfile 02b.eps 
Non-PDF special ignored!
<special> ps::[end] endTexFig  
 <./ssl-eps-converted-to.pdf> <./nmzuo-eps-converted-to.pdf>]
Package epstopdf Info: Source file: <zz.eps>
(epstopdf)                    date: 2011-12-26 15:39:56
(epstopdf)                    size: 861373 bytes
(epstopdf)             Output file: <zz-eps-converted-to.pdf>
(epstopdf)                    date: 2018-11-09 12:01:47
(epstopdf)                    size: 19894 bytes
(epstopdf)             Command: <repstopdf --outfile=zz-eps-converted-to.pdf zz
.eps>
(epstopdf)             \includegraphics on input line 448.
Package epstopdf Info: Output file is already uptodate.
<zz-eps-converted-to.pdf, id=207, 68.255pt x 85.31876pt>
File: zz-eps-converted-to.pdf Graphic file (type pdf)
<use zz-eps-converted-to.pdf>
Package pdftex.def Info: zz-eps-converted-to.pdf  used on input line 448.
(pdftex.def)             Requested size: 68.29022pt x 85.36278pt.

Overfull \vbox (12.04465pt too high) has occurred while \output is active []


[6 <./zz-eps-converted-to.pdf>] (./template.aux)

LaTeX Font Warning: Size substitutions with differences
(Font)              up to 1.23595pt have occurred.

 ) 
Here is how much of TeX's memory you used:
 5829 strings out of 492649
 79789 string characters out of 6131964
 182919 words of memory out of 5000000
 9478 multiletter control sequences out of 15000+600000
 61765 words of font info for 234 fonts, out of 8000000 for 9000
 1141 hyphenation exceptions out of 8191
 41i,13n,33p,1036b,1401s stack positions out of 5000i,500n,10000p,200000b,80000s
 <c:/Users/Anzhi/.texlive2018/texmf-var/fonts/pk/modeless/zhmetrics/gbkhei/gb
khei62.542pk> <c:/Users/Anzhi/.texlive2018/texmf-var/fonts/pk/modeless/zhmetric
s/gbkhei/gbkhei52.542pk> <c:/Users/Anzhi/.texlive2018/texmf-var/fonts/pk/modele
ss/zhmetrics/gbkhei/gbkhei38.542pk> <c:/Users/Anzhi/.texlive2018/texmf-var/font
s/pk/modeless/zhmetrics/gbkhei/gbkhei50.542pk> <c:/Users/Anzhi/.texlive2018/tex
mf-var/fonts/pk/modeless/zhmetrics/gbkhei/gbkhei51.542pk> <c:/Users/Anzhi/.texl
ive2018/texmf-var/fonts/pk/modeless/zhmetrics/gbkhei/gbkhei65.542pk> <c:/Users/
Anzhi/.texlive2018/texmf-var/fonts/pk/modeless/zhmetrics/gbkhei/gbkhei49.542pk>
 <c:/Users/Anzhi/.texlive2018/texmf-var/fonts/pk/modeless/zhmetrics/gbkhei/gbkh
ei55.542pk> <c:/Users/Anzhi/.texlive2018/texmf-var/fonts/pk/modeless/zhmetrics/
gbkhei/gbkhei54.542pk> <c:/Users/Anzhi/.texlive2018/texmf-var/fonts/pk/modeless
/zhmetrics/gbk/gbk44.452pk> <c:/Users/Anzhi/.texlive2018/texmf-var/fonts/pk/mod
eless/zhmetrics/gbk/gbk65.452pk> <c:/Users/Anzhi/.texlive2018/texmf-var/fonts/p
k/modeless/zhmetrics/gbk/gbk45.452pk> <c:/Users/Anzhi/.texlive2018/texmf-var/fo
nts/pk/modeless/zhmetrics/gbk/gbk59.452pk> <c:/Users/Anzhi/.texlive2018/texmf-v
ar/fonts/pk/modeless/zhmetrics/gbk/gbk54.452pk> <c:/Users/Anzhi/.texlive2018/te
xmf-var/fonts/pk/modeless/zhmetrics/gbk/gbk60.452pk> <c:/Users/Anzhi/.texlive20
18/texmf-var/fonts/pk/modeless/zhmetrics/gbk/gbk61.452pk> <c:/Users/Anzhi/.texl
ive2018/texmf-var/fonts/pk/modeless/zhmetrics/gbk/gbk38.452pk> <c:/Users/Anzhi/
.texlive2018/texmf-var/fonts/pk/modeless/zhmetrics/gbkhei/gbkhei60.723pk> <c:/U
sers/Anzhi/.texlive2018/texmf-var/fonts/pk/modeless/zhmetrics/gbkhei/gbkhei64.7
23pk> <c:/Users/Anzhi/.texlive2018/texmf-var/fonts/pk/modeless/zhmetrics/gbkhei
/gbkhei46.723pk> <c:/Users/Anzhi/.texlive2018/texmf-var/fonts/pk/modeless/zhmet
rics/gbk/gbk47.452pk> <c:/Users/Anzhi/.texlive2018/texmf-var/fonts/pk/modeless/
zhmetrics/gbk/gbk64.452pk> <c:/Users/Anzhi/.texlive2018/texmf-var/fonts/pk/mode
less/zhmetrics/gbk/gbk62.452pk> <c:/Users/Anzhi/.texlive2018/texmf-var/fonts/pk
/modeless/zhmetrics/gbk/gbk42.452pk> <c:/Users/Anzhi/.texlive2018/texmf-var/fon
ts/pk/modeless/zhmetrics/gbk/gbk48.452pk> <c:/Users/Anzhi/.texlive2018/texmf-va
r/fonts/pk/modeless/zhmetrics/gbk/gbk63.452pk> <c:/Users/Anzhi/.texlive2018/tex
mf-var/fonts/pk/modeless/zhmetrics/gbk/gbk56.452pk> <c:/Users/Anzhi/.texlive201
8/texmf-var/fonts/pk/modeless/zhmetrics/gbk/gbk46.452pk> <c:/Users/Anzhi/.texli
ve2018/texmf-var/fonts/pk/modeless/zhmetrics/gbk/gbk57.452pk> <c:/Users/Anzhi/.
texlive2018/texmf-var/fonts/pk/modeless/zhmetrics/gbk/gbk41.452pk> <c:/Users/An
zhi/.texlive2018/texmf-var/fonts/pk/modeless/zhmetrics/gbk/gbk37.452pk> <c:/Use
rs/Anzhi/.texlive2018/texmf-var/fonts/pk/modeless/zhmetrics/gbk/gbk55.452pk> <c
:/Users/Anzhi/.texlive2018/texmf-var/fonts/pk/modeless/zhmetrics/gbk/gbk40.452p
k> <c:/Users/Anzhi/.texlive2018/texmf-var/fonts/pk/modeless/zhmetrics/gbkhei/gb
khei59.723pk> <c:/Users/Anzhi/.texlive2018/texmf-var/fonts/pk/modeless/zhmetric
s/gbkhei/gbkhei56.723pk> <c:/Users/Anzhi/.texlive2018/texmf-var/fonts/pk/modele
ss/zhmetrics/gbkhei/gbkhei52.723pk> <c:/Users/Anzhi/.texlive2018/texmf-var/font
s/pk/modeless/zhmetrics/gbkhei/gbkhei61.632pk> <c:/Users/Anzhi/.texlive2018/tex
mf-var/fonts/pk/modeless/zhmetrics/gbkhei/gbkhei46.632pk> <c:/Users/Anzhi/.texl
ive2018/texmf-var/fonts/pk/modeless/zhmetrics/gbkhei/gbkhei63.632pk> <c:/Users/
Anzhi/.texlive2018/texmf-var/fonts/pk/modeless/zhmetrics/gbkhei/gbkhei65.632pk>
 <c:/Users/Anzhi/.texlive2018/texmf-var/fonts/pk/modeless/zhmetrics/gbkhei/gbkh
ei59.632pk> <c:/Users/Anzhi/.texlive2018/texmf-var/fonts/pk/modeless/zhmetrics/
gbkhei/gbkhei47.632pk> <c:/Users/Anzhi/.texlive2018/texmf-var/fonts/pk/modeless
/zhmetrics/gbkhei/gbkhei42.632pk> <c:/Users/Anzhi/.texlive2018/texmf-var/fonts/
pk/modeless/zhmetrics/gbkhei/gbkhei49.632pk> <c:/Users/Anzhi/.texlive2018/texmf
-var/fonts/pk/modeless/zhmetrics/gbkhei/gbkhei56.632pk> <c:/Users/Anzhi/.texliv
e2018/texmf-var/fonts/pk/modeless/zhmetrics/gbkhei/gbkhei39.632pk> <c:/Users/An
zhi/.texlive2018/texmf-var/fonts/pk/modeless/zhmetrics/gbkhei/gbkhei48.632pk> <
c:/Users/Anzhi/.texlive2018/texmf-var/fonts/pk/modeless/zhmetrics/gbkhei/gbkhei
25.632pk> <c:/Users/Anzhi/.texlive2018/texmf-var/fonts/pk/modeless/zhmetrics/gb
khei/gbkhei53.723pk> <c:/Users/Anzhi/.texlive2018/texmf-var/fonts/pk/modeless/z
hmetrics/gbkhei/gbkhei61.723pk> <c:/Users/Anzhi/.texlive2018/texmf-var/fonts/pk
/modeless/zhmetrics/gbkhei/gbkhei55.723pk> <c:/Users/Anzhi/.texlive2018/texmf-v
ar/fonts/pk/modeless/zhmetrics/gbkhei/gbkhei40.723pk> <c:/Users/Anzhi/.texlive2
018/texmf-var/fonts/pk/modeless/zhmetrics/gbkhei/gbkhei62.723pk> <c:/Users/Anzh
i/.texlive2018/texmf-var/fonts/pk/modeless/zhmetrics/gbkhei/gbkhei49.723pk> <c:
/Users/Anzhi/.texlive2018/texmf-var/fonts/pk/modeless/zhmetrics/gbk/gbk52.632pk
> <c:/Users/Anzhi/.texlive2018/texmf-var/fonts/pk/modeless/zhmetrics/gbkhei/gbk
hei55.632pk> <c:/Users/Anzhi/.texlive2018/texmf-var/fonts/pk/modeless/zhmetrics
/gbkhei/gbkhei51.632pk> <c:/Users/Anzhi/.texlive2018/texmf-var/fonts/pk/modeles
s/zhmetrics/gbkhei/gbkhei44.632pk> <c:/Users/Anzhi/.texlive2018/texmf-var/fonts
/pk/modeless/zhmetrics/gbkhei/gbkhei45.632pk> <c:/Users/Anzhi/.texlive2018/texm
f-var/fonts/pk/modeless/zhmetrics/gbkhei/gbkhei38.632pk> <c:/Users/Anzhi/.texli
ve2018/texmf-var/fonts/pk/modeless/zhmetrics/gbkhei/gbkhei58.632pk> <c:/Users/A
nzhi/.texlive2018/texmf-var/fonts/pk/modeless/zhmetrics/gbkhei/gbkhei64.632pk> 
<c:/Users/Anzhi/.texlive2018/texmf-var/fonts/pk/modeless/zhmetrics/gbkhei/gbkhe
i41.632pk> <c:/Users/Anzhi/.texlive2018/texmf-var/fonts/pk/modeless/zhmetrics/g
bkhei/gbkhei60.632pk> <c:/Users/Anzhi/.texlive2018/texmf-var/fonts/pk/modeless/
zhmetrics/gbkhei/gbkhei40.632pk> <c:/Users/Anzhi/.texlive2018/texmf-var/fonts/p
k/modeless/zhmetrics/gbkhei/gbkhei57.632pk> <c:/Users/Anzhi/.texlive2018/texmf-
var/fonts/pk/modeless/zhmetrics/gbkhei/gbkhei37.632pk> <c:/Users/Anzhi/.texlive
2018/texmf-var/fonts/pk/modeless/zhmetrics/gbkhei/gbkhei62.632pk> <c:/Users/Anz
hi/.texlive2018/texmf-var/fonts/pk/modeless/zhmetrics/gbkhei/gbkhei43.632pk> <c
:/Users/Anzhi/.texlive2018/texmf-var/fonts/pk/modeless/zhmetrics/gbk/gbk56.632p
k> <c:/Users/Anzhi/.texlive2018/texmf-var/fonts/pk/modeless/zhmetrics/gbk/gbk41
.632pk> <c:/Users/Anzhi/.texlive2018/texmf-var/fonts/pk/modeless/zhmetrics/gbk/
gbk46.632pk> <c:/Users/Anzhi/.texlive2018/texmf-var/fonts/pk/modeless/zhmetrics
/gbk/gbk50.632pk> <c:/Users/Anzhi/.texlive2018/texmf-var/fonts/pk/modeless/zhme
trics/gbk/gbk25.632pk> <c:/Users/Anzhi/.texlive2018/texmf-var/fonts/pk/modeless
/zhmetrics/gbk/gbk54.632pk> <c:/Users/Anzhi/.texlive2018/texmf-var/fonts/pk/mod
eless/zhmetrics/gbk/gbk51.632pk> <c:/Users/Anzhi/.texlive2018/texmf-var/fonts/p
k/modeless/zhmetrics/gbk/gbk49.632pk> <c:/Users/Anzhi/.texlive2018/texmf-var/fo
nts/pk/modeless/zhmetrics/gbk/gbk59.632pk> <c:/Users/Anzhi/.texlive2018/texmf-v
ar/fonts/pk/modeless/zhmetrics/gbk/gbk36.632pk> <c:/Users/Anzhi/.texlive2018/te
xmf-var/fonts/pk/modeless/zhmetrics/gbk/gbk42.632pk> <c:/Users/Anzhi/.texlive20
18/texmf-var/fonts/pk/modeless/zhmetrics/gbk/gbk38.632pk> <c:/Users/Anzhi/.texl
ive2018/texmf-var/fonts/pk/modeless/zhmetrics/gbk/gbk44.632pk> <c:/Users/Anzhi/
.texlive2018/texmf-var/fonts/pk/modeless/zhmetrics/gbk/gbk39.632pk> <c:/Users/A
nzhi/.texlive2018/texmf-var/fonts/pk/modeless/zhmetrics/gbk/gbk45.632pk> <c:/Us
ers/Anzhi/.texlive2018/texmf-var/fonts/pk/modeless/zhmetrics/gbk/gbk43.632pk> <
c:/Users/Anzhi/.texlive2018/texmf-var/fonts/pk/modeless/zhmetrics/gbk/gbk65.632
pk> <c:/Users/Anzhi/.texlive2018/texmf-var/fonts/pk/modeless/zhmetrics/gbk/gbk6
2.632pk> <c:/Users/Anzhi/.texlive2018/texmf-var/fonts/pk/modeless/zhmetrics/gbk
/gbk57.632pk> <c:/Users/Anzhi/.texlive2018/texmf-var/fonts/pk/modeless/zhmetric
s/gbk/gbk37.632pk> <c:/Users/Anzhi/.texlive2018/texmf-var/fonts/pk/modeless/zhm
etrics/gbk/gbk48.632pk> <c:/Users/Anzhi/.texlive2018/texmf-var/fonts/pk/modeles
s/zhmetrics/gbk/gbk40.632pk> <c:/Users/Anzhi/.texlive2018/texmf-var/fonts/pk/mo
deless/zhmetrics/gbk/gbk61.632pk> <c:/Users/Anzhi/.texlive2018/texmf-var/fonts/
pk/modeless/zhmetrics/gbk/gbk60.632pk> <c:/Users/Anzhi/.texlive2018/texmf-var/f
onts/pk/modeless/zhmetrics/gbk/gbk53.632pk> <c:/Users/Anzhi/.texlive2018/texmf-
var/fonts/pk/modeless/zhmetrics/gbk/gbk55.632pk> <c:/Users/Anzhi/.texlive2018/t
exmf-var/fonts/pk/modeless/zhmetrics/gbk/gbk47.632pk> <c:/Users/Anzhi/.texlive2
018/texmf-var/fonts/pk/modeless/zhmetrics/gbk/gbk58.632pk> <c:/Users/Anzhi/.tex
live2018/texmf-var/fonts/pk/modeless/zhmetrics/gbk/gbk64.632pk> <c:/Users/Anzhi
/.texlive2018/texmf-var/fonts/pk/modeless/zhmetrics/gbk/gbk63.632pk> <c:/Users/
Anzhi/.texlive2018/texmf-var/fonts/pk/modeless/zhmetrics/gbkhei/gbkhei45.723pk>
 <c:/Users/Anzhi/.texlive2018/texmf-var/fonts/pk/modeless/zhmetrics/gbkhei/gbkh
ei42.723pk> <c:/Users/Anzhi/.texlive2018/texmf-var/fonts/pk/modeless/zhmetrics/
gbkhei/gbkhei37.723pk> <c:/Users/Anzhi/.texlive2018/texmf-var/fonts/pk/modeless
/zhmetrics/gbkhei/gbkhei65.723pk> <c:/Users/Anzhi/.texlive2018/texmf-var/fonts/
pk/modeless/zhmetrics/gbkhei/gbkhei39.542pk> <c:/Users/Anzhi/.texlive2018/texmf
-var/fonts/pk/modeless/zhmetrics/gbkhei/gbkhei45.542pk> <c:/Users/Anzhi/.texliv
e2018/texmf-var/fonts/pk/modeless/zhmetrics/gbkhei/gbkhei43.542pk> <c:/Users/An
zhi/.texlive2018/texmf-var/fonts/pk/modeless/zhmetrics/gbk/gbk50.542pk> <c:/Use
rs/Anzhi/.texlive2018/texmf-var/fonts/pk/modeless/zhmetrics/gbk/gbk42.542pk> <c
:/Users/Anzhi/.texlive2018/texmf-var/fonts/pk/modeless/zhmetrics/gbk/gbk36.542p
k> <c:/Users/Anzhi/.texlive2018/texmf-var/fonts/pk/modeless/zhmetrics/gbk/gbk43
.542pk> <c:/Users/Anzhi/.texlive2018/texmf-var/fonts/pk/modeless/zhmetrics/gbk/
gbk64.542pk> <c:/Users/Anzhi/.texlive2018/texmf-var/fonts/pk/modeless/zhmetrics
/gbk/gbk25.542pk> <c:/Users/Anzhi/.texlive2018/texmf-var/fonts/pk/modeless/zhme
trics/gbk/gbk57.542pk> <c:/Users/Anzhi/.texlive2018/texmf-var/fonts/pk/modeless
/zhmetrics/gbk/gbk40.542pk> <c:/Users/Anzhi/.texlive2018/texmf-var/fonts/pk/mod
eless/zhmetrics/gbk/gbk59.542pk> <c:/Users/Anzhi/.texlive2018/texmf-var/fonts/p
k/modeless/zhmetrics/gbk/gbk38.542pk> <c:/Users/Anzhi/.texlive2018/texmf-var/fo
nts/pk/modeless/zhmetrics/gbk/gbk45.542pk> <c:/Users/Anzhi/.texlive2018/texmf-v
ar/fonts/pk/modeless/zhmetrics/gbk/gbk61.542pk> <c:/Users/Anzhi/.texlive2018/te
xmf-var/fonts/pk/modeless/zhmetrics/gbk/gbk39.542pk> <c:/Users/Anzhi/.texlive20
18/texmf-var/fonts/pk/modeless/zhmetrics/gbk/gbk62.542pk> <c:/Users/Anzhi/.texl
ive2018/texmf-var/fonts/pk/modeless/zhmetrics/gbk/gbk53.542pk> <c:/Users/Anzhi/
.texlive2018/texmf-var/fonts/pk/modeless/zhmetrics/gbk/gbk54.542pk> <c:/Users/A
nzhi/.texlive2018/texmf-var/fonts/pk/modeless/zhmetrics/gbk/gbk47.542pk> <c:/Us
ers/Anzhi/.texlive2018/texmf-var/fonts/pk/modeless/zhmetrics/gbk/gbk44.542pk> <
c:/Users/Anzhi/.texlive2018/texmf-var/fonts/pk/modeless/zhmetrics/gbk/gbk63.542
pk> <c:/Users/Anzhi/.texlive2018/texmf-var/fonts/pk/modeless/zhmetrics/gbk/gbk3
7.542pk> <c:/Users/Anzhi/.texlive2018/texmf-var/fonts/pk/modeless/zhmetrics/gbk
/gbk52.542pk> <c:/Users/Anzhi/.texlive2018/texmf-var/fonts/pk/modeless/zhmetric
s/gbk/gbk41.542pk> <c:/Users/Anzhi/.texlive2018/texmf-var/fonts/pk/modeless/zhm
etrics/gbk/gbk49.542pk> <c:/Users/Anzhi/.texlive2018/texmf-var/fonts/pk/modeles
s/zhmetrics/gbk/gbk58.542pk> <c:/Users/Anzhi/.texlive2018/texmf-var/fonts/pk/mo
deless/zhmetrics/gbk/gbk55.542pk> <c:/Users/Anzhi/.texlive2018/texmf-var/fonts/
pk/modeless/zhmetrics/gbk/gbk65.542pk> <c:/Users/Anzhi/.texlive2018/texmf-var/f
onts/pk/modeless/zhmetrics/gbk/gbk56.542pk> <c:/Users/Anzhi/.texlive2018/texmf-
var/fonts/pk/modeless/zhmetrics/gbk/gbk26.542pk> <c:/Users/Anzhi/.texlive2018/t
exmf-var/fonts/pk/modeless/zhmetrics/gbk/gbk48.542pk> <c:/Users/Anzhi/.texlive2
018/texmf-var/fonts/pk/modeless/zhmetrics/gbk/gbk51.542pk> <c:/Users/Anzhi/.tex
live2018/texmf-var/fonts/pk/modeless/zhmetrics/gbk/gbk60.542pk> <c:/Users/Anzhi
/.texlive2018/texmf-var/fonts/pk/modeless/zhmetrics/gbk/gbk46.542pk> <c:/Users/
Anzhi/.texlive2018/texmf-var/fonts/pk/modeless/zhmetrics/gbkhei/gbkhei61.542pk>
 <c:/Users/Anzhi/.texlive2018/texmf-var/fonts/pk/modeless/zhmetrics/gbkhei/gbkh
ei63.542pk> <c:/Users/Anzhi/.texlive2018/texmf-var/fonts/pk/modeless/zhmetrics/
gbkfs/gbkfs63.723pk> <c:/Users/Anzhi/.texlive2018/texmf-var/fonts/pk/modeless/z
hmetrics/gbkfs/gbkfs61.723pk> <c:/Users/Anzhi/.texlive2018/texmf-var/fonts/pk/m
odeless/zhmetrics/gbkfs/gbkfs62.723pk> <c:/Users/Anzhi/.texlive2018/texmf-var/f
onts/pk/modeless/zhmetrics/gbkfs/gbkfs52.723pk> <c:/Users/Anzhi/.texlive2018/te
xmf-var/fonts/pk/modeless/zhmetrics/gbkfs/gbkfs38.723pk> <c:/Users/Anzhi/.texli
ve2018/texmf-var/fonts/pk/modeless/zhmetrics/gbkfs/gbkfs50.723pk> <c:/Users/Anz
hi/.texlive2018/texmf-var/fonts/pk/modeless/zhmetrics/gbkfs/gbkfs51.723pk> <c:/
Users/Anzhi/.texlive2018/texmf-var/fonts/pk/modeless/zhmetrics/gbkfs/gbkfs65.72
3pk> <c:/Users/Anzhi/.texlive2018/texmf-var/fonts/pk/modeless/zhmetrics/gbkfs/g
bkfs49.723pk> <c:/Users/Anzhi/.texlive2018/texmf-var/fonts/pk/modeless/zhmetric
s/gbkfs/gbkfs55.723pk> <c:/Users/Anzhi/.texlive2018/texmf-var/fonts/pk/modeless
/zhmetrics/gbkfs/gbkfs54.723pk> <c:/Users/Anzhi/.texlive2018/texmf-var/fonts/pk
/modeless/zhmetrics/gbkhei/gbkhei61.1084pk> <c:/Users/Anzhi/.texlive2018/texmf-
var/fonts/pk/modeless/zhmetrics/gbkhei/gbkhei45.1084pk> <c:/Users/Anzhi/.texliv
e2018/texmf-var/fonts/pk/modeless/zhmetrics/gbkhei/gbkhei42.1084pk> <c:/Users/A
nzhi/.texlive2018/texmf-var/fonts/pk/modeless/zhmetrics/gbkhei/gbkhei37.1084pk>
 <c:/Users/Anzhi/.texlive2018/texmf-var/fonts/pk/modeless/zhmetrics/gbkhei/gbkh
ei60.1084pk> <c:/Users/Anzhi/.texlive2018/texmf-var/fonts/pk/modeless/zhmetrics
/gbkhei/gbkhei44.1084pk> <c:/Users/Anzhi/.texlive2018/texmf-var/fonts/pk/modele
ss/zhmetrics/gbkhei/gbkhei40.1084pk> <c:/Users/Anzhi/.texlive2018/texmf-var/fon
ts/pk/modeless/zhmetrics/gbkhei/gbkhei65.1084pk> <c:/Users/Anzhi/.texlive2018/t
exmf-var/fonts/pk/modeless/zhmetrics/gbkhei/gbkhei25.1084pk><d:/wp/texlive/2018
/texmf-dist/fonts/type1/public/amsfonts/cm/cmbx10.pfb><d:/wp/texlive/2018/texmf
-dist/fonts/type1/public/amsfonts/cm/cmbx12.pfb><d:/wp/texlive/2018/texmf-dist/
fonts/type1/public/amsfonts/cm/cmbx8.pfb><d:/wp/texlive/2018/texmf-dist/fonts/t
ype1/public/amsfonts/cm/cmbx9.pfb><d:/wp/texlive/2018/texmf-dist/fonts/type1/pu
blic/amsfonts/cm/cmex10.pfb><d:/wp/texlive/2018/texmf-dist/fonts/type1/public/a
msfonts/cm/cmmi10.pfb><d:/wp/texlive/2018/texmf-dist/fonts/type1/public/amsfont
s/cm/cmmi5.pfb><d:/wp/texlive/2018/texmf-dist/fonts/type1/public/amsfonts/cm/cm
mi6.pfb><d:/wp/texlive/2018/texmf-dist/fonts/type1/public/amsfonts/cm/cmmi7.pfb
><d:/wp/texlive/2018/texmf-dist/fonts/type1/public/amsfonts/cm/cmr10.pfb><d:/wp
/texlive/2018/texmf-dist/fonts/type1/public/amsfonts/cm/cmr12.pfb><d:/wp/texliv
e/2018/texmf-dist/fonts/type1/public/amsfonts/cm/cmr5.pfb><d:/wp/texlive/2018/t
exmf-dist/fonts/type1/public/amsfonts/cm/cmr6.pfb><d:/wp/texlive/2018/texmf-dis
t/fonts/type1/public/amsfonts/cm/cmr7.pfb><d:/wp/texlive/2018/texmf-dist/fonts/
type1/public/amsfonts/cm/cmr8.pfb><d:/wp/texlive/2018/texmf-dist/fonts/type1/pu
blic/amsfonts/cm/cmr9.pfb><d:/wp/texlive/2018/texmf-dist/fonts/type1/public/ams
fonts/cm/cmsl8.pfb><d:/wp/texlive/2018/texmf-dist/fonts/type1/public/amsfonts/c
m/cmsl9.pfb><d:/wp/texlive/2018/texmf-dist/fonts/type1/public/amsfonts/cm/cmsy1
0.pfb><d:/wp/texlive/2018/texmf-dist/fonts/type1/public/amsfonts/cm/cmsy5.pfb><
d:/wp/texlive/2018/texmf-dist/fonts/type1/public/amsfonts/cm/cmsy7.pfb><d:/wp/t
exlive/2018/texmf-dist/fonts/type1/public/amsfonts/cm/cmsy8.pfb><d:/wp/texlive/
2018/texmf-dist/fonts/type1/public/amsfonts/cm/cmtt10.pfb>
Output written on template.pdf (6 pages, 756871 bytes).
PDF statistics:
 1703 PDF objects out of 1728 (max. 8388607)
 729 compressed objects within 8 object streams
 0 named destinations out of 1000 (max. 500000)
 16 words of extra memory for PDF output out of 10000 (max. 10000000)

