\BOOKMARK [1][-]{section.1}{\376\377\176\352\213\272}{}% 1
\BOOKMARK [2][-]{subsection.1.1}{\376\377\121\163\116\216\000L\000a\000T\000e\000X\152\041\147\177}{section.1}% 2
\BOOKMARK [2][-]{subsection.1.2}{\376\377\121\163\116\216\000T\000e\000X\124\214\000L\000a\000T\000e\000X}{section.1}% 3
\BOOKMARK [2][-]{subsection.1.3}{\376\377\117\177\165\050\124\352\116\052\000L\000a\000T\000e\000X\123\321\210\114\162\110}{section.1}% 4
\BOOKMARK [2][-]{subsection.1.4}{\376\377\117\177\165\050\124\352\116\052\000T\000e\000X\177\026\217\221\126\150}{section.1}% 5
\BOOKMARK [1][-]{section.2}{\376\377\121\154\137\017}{}% 6
\BOOKMARK [1][-]{section.3}{\376\377\173\227\154\325\124\214\117\052\116\343\170\001}{}% 7
\BOOKMARK [2][-]{subsection.3.1}{\376\377\143\322\121\145\116\343\170\001}{section.3}% 8
\BOOKMARK [2][-]{subsection.3.2}{\376\377\143\322\121\145\117\052\116\343\170\001}{section.3}% 9
\BOOKMARK [1][-]{section.4}{\376\377\126\376\210\150}{}% 10
\BOOKMARK [2][-]{subsection.4.1}{\376\377\143\322\121\145\126\376\162\107}{section.4}% 11
\BOOKMARK [2][-]{subsection.4.2}{\376\377\176\330\126\376}{section.4}% 12
\BOOKMARK [2][-]{subsection.4.3}{\376\377\210\150\150\074}{section.4}% 13
\BOOKMARK [2][-]{subsection.4.4}{\376\377\126\376\210\150\166\204\143\222\162\110\124\214\133\232\117\115}{section.4}% 14
\BOOKMARK [1][-]{section.5}{\376\377\116\244\123\311\137\025\165\050}{}% 15
\BOOKMARK [1][-]{section.6}{\376\377\147\011\165\050\166\204\224\376\143\245}{}% 16
\BOOKMARK [1][-]{section.7}{\376\377\123\302\200\003\145\207\163\056}{}% 17
\BOOKMARK [1][-]{section.7}{\376\377\123\302\200\003\145\207\163\056}{}% 18
\BOOKMARK [1][-]{section*.9}{\376\377\117\134\200\005\127\050\145\073\213\373\170\125\130\353\133\146\117\115\147\037\225\364\121\154\137\000\123\321\210\150\166\204\213\272\145\207}{}% 19
\BOOKMARK [1][-]{section*.10}{\376\377\117\134\200\005\127\050\145\073\213\373\170\125\130\353\133\146\117\115\147\037\225\364\142\100\123\302\116\016\166\204\230\171\166\356}{}% 20
\BOOKMARK [1][-]{section*.11}{\376\377\201\364\214\042}{}% 21
