This is pdfTeX, Version 3.14159265-2.6-1.40.19 (TeX Live 2018/W32TeX) (preloaded format=pdflatex 2018.10.24)  29 MAR 2019 20:54
entering extended mode
 restricted \write18 enabled.
 %&-line parsing enabled.
**samplepaper.tex
(./samplepaper.tex
LaTeX2e <2018-04-01> patch level 2
Babel <3.18> and hyphenation patterns for 84 language(s) loaded.
(./llncs.cls
Document Class: llncs 2018/03/10 v2.20 
 LaTeX document class for Lecture Notes in Computer Science
(d:/wp/texlive/2018/texmf-dist/tex/latex/base/article.cls
Document Class: article 2014/09/29 v1.4h Standard LaTeX document class
(d:/wp/texlive/2018/texmf-dist/tex/latex/base/size10.clo
File: size10.clo 2014/09/29 v1.4h Standard LaTeX file (size option)
)
\c@part=\count80
\c@section=\count81
\c@subsection=\count82
\c@subsubsection=\count83
\c@paragraph=\count84
\c@subparagraph=\count85
\c@figure=\count86
\c@table=\count87
\abovecaptionskip=\skip41
\belowcaptionskip=\skip42
\bibindent=\dimen102
)
(d:/wp/texlive/2018/texmf-dist/tex/latex/tools/multicol.sty
Package: multicol 2018/04/01 v1.8r multicolumn formatting (FMi)
\c@tracingmulticols=\count88
\mult@box=\box26
\multicol@leftmargin=\dimen103
\c@unbalance=\count89
\c@collectmore=\count90
\doublecol@number=\count91
\multicoltolerance=\count92
\multicolpretolerance=\count93
\full@width=\dimen104
\page@free=\dimen105
\premulticols=\dimen106
\postmulticols=\dimen107
\multicolsep=\skip43
\multicolbaselineskip=\skip44
\partial@page=\box27
\last@line=\box28
\maxbalancingoverflow=\dimen108
\mult@rightbox=\box29
\mult@grightbox=\box30
\mult@gfirstbox=\box31
\mult@firstbox=\box32
\@tempa=\box33
\@tempa=\box34
\@tempa=\box35
\@tempa=\box36
\@tempa=\box37
\@tempa=\box38
\@tempa=\box39
\@tempa=\box40
\@tempa=\box41
\@tempa=\box42
\@tempa=\box43
\@tempa=\box44
\@tempa=\box45
\@tempa=\box46
\@tempa=\box47
\@tempa=\box48
\@tempa=\box49
\c@columnbadness=\count94
\c@finalcolumnbadness=\count95
\last@try=\dimen109
\multicolovershoot=\dimen110
\multicolundershoot=\dimen111
\mult@nat@firstbox=\box50
\colbreak@box=\box51
\mc@col@check@num=\count96
)
(d:/wp/texlive/2018/texmf-dist/tex/latex/oberdiek/aliascnt.sty
Package: aliascnt 2016/05/16 v1.4 Alias counters (HO)

(d:/wp/texlive/2018/texmf-dist/tex/latex/carlisle/remreset.sty))
\c@chapter=\count97
LaTeX Font Info:    Redeclaring math symbol \Gamma on input line 362.
LaTeX Font Info:    Redeclaring math symbol \Delta on input line 363.
LaTeX Font Info:    Redeclaring math symbol \Theta on input line 364.
LaTeX Font Info:    Redeclaring math symbol \Lambda on input line 365.
LaTeX Font Info:    Redeclaring math symbol \Xi on input line 366.
LaTeX Font Info:    Redeclaring math symbol \Pi on input line 367.
LaTeX Font Info:    Redeclaring math symbol \Sigma on input line 368.
LaTeX Font Info:    Redeclaring math symbol \Upsilon on input line 369.
LaTeX Font Info:    Redeclaring math symbol \Phi on input line 370.
LaTeX Font Info:    Redeclaring math symbol \Psi on input line 371.
LaTeX Font Info:    Redeclaring math symbol \Omega on input line 372.
\tocchpnum=\dimen112
\tocsecnum=\dimen113
\tocsectotal=\dimen114
\tocsubsecnum=\dimen115
\tocsubsectotal=\dimen116
\tocsubsubsecnum=\dimen117
\tocsubsubsectotal=\dimen118
\tocparanum=\dimen119
\tocparatotal=\dimen120
\tocsubparanum=\dimen121
\@tempcntc=\count98
\fnindent=\dimen122
\c@@inst=\count99
\c@@auth=\count100
\c@auco=\count101
\instindent=\dimen123
\authrun=\box52
\authorrunning=\toks14
\tocauthor=\toks15
\titrun=\box53
\titlerunning=\toks16
\toctitle=\toks17
\c@theorem=\count102
\c@case=\count103
\c@conjecture=\count104
\c@corollary=\count105
\c@definition=\count106
\c@example=\count107
\c@exercise=\count108
\c@lemma=\count109
\c@note=\count110
\c@problem=\count111
\c@property=\count112
\c@proposition=\count113
\c@question=\count114
\c@solution=\count115
\c@remark=\count116
\headlineindent=\dimen124
)
(d:/wp/texlive/2018/texmf-dist/tex/latex/graphics/graphicx.sty
Package: graphicx 2017/06/01 v1.1a Enhanced LaTeX Graphics (DPC,SPQR)

(d:/wp/texlive/2018/texmf-dist/tex/latex/graphics/keyval.sty
Package: keyval 2014/10/28 v1.15 key=value parser (DPC)
\KV@toks@=\toks18
)
(d:/wp/texlive/2018/texmf-dist/tex/latex/graphics/graphics.sty
Package: graphics 2017/06/25 v1.2c Standard LaTeX Graphics (DPC,SPQR)

(d:/wp/texlive/2018/texmf-dist/tex/latex/graphics/trig.sty
Package: trig 2016/01/03 v1.10 sin cos tan (DPC)
)
(d:/wp/texlive/2018/texmf-dist/tex/latex/graphics-cfg/graphics.cfg
File: graphics.cfg 2016/06/04 v1.11 sample graphics configuration
)
Package graphics Info: Driver file: pdftex.def on input line 99.

(d:/wp/texlive/2018/texmf-dist/tex/latex/graphics-def/pdftex.def
File: pdftex.def 2018/01/08 v1.0l Graphics/color driver for pdftex
))
\Gin@req@height=\dimen125
\Gin@req@width=\dimen126
)
(d:/wp/texlive/2018/texmf-dist/tex/latex/subfigure/subfigure.sty
Package: subfigure 2002/03/15 v2.1.5 subfigure package
\subfigtopskip=\skip45
\subfigcapskip=\skip46
\subfigcaptopadj=\dimen127
\subfigbottomskip=\skip47
\subfigcapmargin=\dimen128
\subfiglabelskip=\skip48
\c@subfigure=\count117
\c@lofdepth=\count118
\c@subtable=\count119
\c@lotdepth=\count120

****************************************
* Local config file subfigure.cfg used *
****************************************
(d:/wp/texlive/2018/texmf-dist/tex/latex/subfigure/subfigure.cfg)
\subfig@top=\skip49
\subfig@bottom=\skip50
)
(./samplepaper.aux)
\openout1 = `samplepaper.aux'.

LaTeX Font Info:    Checking defaults for OML/cmm/m/it on input line 17.
LaTeX Font Info:    ... okay on input line 17.
LaTeX Font Info:    Checking defaults for T1/cmr/m/n on input line 17.
LaTeX Font Info:    ... okay on input line 17.
LaTeX Font Info:    Checking defaults for OT1/cmr/m/n on input line 17.
LaTeX Font Info:    ... okay on input line 17.
LaTeX Font Info:    Checking defaults for OMS/cmsy/m/n on input line 17.
LaTeX Font Info:    ... okay on input line 17.
LaTeX Font Info:    Checking defaults for OMX/cmex/m/n on input line 17.
LaTeX Font Info:    ... okay on input line 17.
LaTeX Font Info:    Checking defaults for U/cmr/m/n on input line 17.
LaTeX Font Info:    ... okay on input line 17.

(d:/wp/texlive/2018/texmf-dist/tex/context/base/mkii/supp-pdf.mkii
[Loading MPS to PDF converter (version 2006.09.02).]
\scratchcounter=\count121
\scratchdimen=\dimen129
\scratchbox=\box54
\nofMPsegments=\count122
\nofMParguments=\count123
\everyMPshowfont=\toks19
\MPscratchCnt=\count124
\MPscratchDim=\dimen130
\MPnumerator=\count125
\makeMPintoPDFobject=\count126
\everyMPtoPDFconversion=\toks20
) (d:/wp/texlive/2018/texmf-dist/tex/latex/oberdiek/epstopdf-base.sty
Package: epstopdf-base 2016/05/15 v2.6 Base part for package epstopdf

(d:/wp/texlive/2018/texmf-dist/tex/generic/oberdiek/infwarerr.sty
Package: infwarerr 2016/05/16 v1.4 Providing info/warning/error messages (HO)
)
(d:/wp/texlive/2018/texmf-dist/tex/latex/oberdiek/grfext.sty
Package: grfext 2016/05/16 v1.2 Manage graphics extensions (HO)

(d:/wp/texlive/2018/texmf-dist/tex/generic/oberdiek/kvdefinekeys.sty
Package: kvdefinekeys 2016/05/16 v1.4 Define keys (HO)

(d:/wp/texlive/2018/texmf-dist/tex/generic/oberdiek/ltxcmds.sty
Package: ltxcmds 2016/05/16 v1.23 LaTeX kernel commands for general use (HO)
)))
(d:/wp/texlive/2018/texmf-dist/tex/latex/oberdiek/kvoptions.sty
Package: kvoptions 2016/05/16 v3.12 Key value format for package options (HO)

(d:/wp/texlive/2018/texmf-dist/tex/generic/oberdiek/kvsetkeys.sty
Package: kvsetkeys 2016/05/16 v1.17 Key value parser (HO)

(d:/wp/texlive/2018/texmf-dist/tex/generic/oberdiek/etexcmds.sty
Package: etexcmds 2016/05/16 v1.6 Avoid name clashes with e-TeX commands (HO)

(d:/wp/texlive/2018/texmf-dist/tex/generic/oberdiek/ifluatex.sty
Package: ifluatex 2016/05/16 v1.4 Provides the ifluatex switch (HO)
Package ifluatex Info: LuaTeX not detected.
)
Package etexcmds Info: Could not find \expanded.
(etexcmds)             That can mean that you are not using pdfTeX 1.50 or
(etexcmds)             that some package has redefined \expanded.
(etexcmds)             In the latter case, load this package earlier.
)))
(d:/wp/texlive/2018/texmf-dist/tex/generic/oberdiek/pdftexcmds.sty
Package: pdftexcmds 2018/01/30 v0.27 Utility functions of pdfTeX for LuaTeX (HO
)

(d:/wp/texlive/2018/texmf-dist/tex/generic/oberdiek/ifpdf.sty
Package: ifpdf 2017/03/15 v3.2 Provides the ifpdf switch
)
Package pdftexcmds Info: LuaTeX not detected.
Package pdftexcmds Info: \pdf@primitive is available.
Package pdftexcmds Info: \pdf@ifprimitive is available.
Package pdftexcmds Info: \pdfdraftmode found.
)
Package epstopdf-base Info: Redefining graphics rule for `.eps' on input line 4
38.
Package grfext Info: Graphics extension search list:
(grfext)             [.pdf,.png,.jpg,.mps,.jpeg,.jbig2,.jb2,.PDF,.PNG,.JPG,.JPE
G,.JBIG2,.JB2,.eps]
(grfext)             \AppendGraphicsExtensions on input line 456.

(d:/wp/texlive/2018/texmf-dist/tex/latex/latexconfig/epstopdf-sys.cfg
File: epstopdf-sys.cfg 2010/07/13 v1.3 Configuration of (r)epstopdf for TeX Liv
e
))
LaTeX Font Info:    External font `cmex10' loaded for size
(Font)              <7> on input line 42.
LaTeX Font Info:    External font `cmex10' loaded for size
(Font)              <5> on input line 42.
LaTeX Font Info:    Try loading font information for OMS+cmr on input line 50.

(d:/wp/texlive/2018/texmf-dist/tex/latex/base/omscmr.fd
File: omscmr.fd 2014/09/29 v2.5h Standard LaTeX font definitions
)
LaTeX Font Info:    Font shape `OMS/cmr/m/n' in size <9> not available
(Font)              Font shape `OMS/cmsy/m/n' tried instead on input line 50.
<1.png, id=1, 699.61375pt x 467.7475pt>
File: 1.png Graphic file (type png)
<use 1.png>
Package pdftex.def Info: 1.png  used on input line 63.
(pdftex.def)             Requested size: 347.12354pt x 232.08171pt.
 [1

{d:/wp/texlive/2018/texmf-var/fonts/map/pdftex/updmap/pdftex.map}] [2 <./1.png>
] [3] [4]
<17302-ID(8).png, id=33, 721.69624pt x 710.655pt>
File: 17302-ID(8).png Graphic file (type png)
<use 17302-ID(8).png>
Package pdftex.def Info: 17302-ID(8).png  used on input line 160.
(pdftex.def)             Requested size: 78.24507pt x 77.04454pt.
<17302-ID(8)TRUE.png, id=34, 716.6775pt x 722.7pt>
File: 17302-ID(8)TRUE.png Graphic file (type png)
<use 17302-ID(8)TRUE.png>
Package pdftex.def Info: 17302-ID(8)TRUE.png  used on input line 163.
(pdftex.def)             Requested size: 78.24507pt x 78.90175pt.
<17302-ID(8)MULTI-TRACER.png, id=35, 724.7075pt x 722.7pt>
File: 17302-ID(8)MULTI-TRACER.png Graphic file (type png)
<use 17302-ID(8)MULTI-TRACER.png>
Package pdftex.def Info: 17302-ID(8)MULTI-TRACER.png  used on input line 166.
(pdftex.def)             Requested size: 78.24507pt x 78.01955pt.
<17302-ID(8)APP2.png, id=36, 728.7225pt x 724.7075pt>
File: 17302-ID(8)APP2.png Graphic file (type png)
<use 17302-ID(8)APP2.png>
Package pdftex.def Info: 17302-ID(8)APP2.png  used on input line 169.
(pdftex.def)             Requested size: 78.24507pt x 77.80501pt.
<17302-ID(87).png, id=37, 864.22874pt x 834.11626pt>
File: 17302-ID(87).png Graphic file (type png)
<use 17302-ID(87).png>
Package pdftex.def Info: 17302-ID(87).png  used on input line 174.
(pdftex.def)             Requested size: 78.24507pt x 75.51268pt.
<17302-ID(87)TRUE.png, id=38, 866.23625pt x 863.225pt>
File: 17302-ID(87)TRUE.png Graphic file (type png)
<use 17302-ID(87)TRUE.png>
Package pdftex.def Info: 17302-ID(87)TRUE.png  used on input line 177.
(pdftex.def)             Requested size: 78.24507pt x 77.9635pt.
<17302-ID(87)MULTI-TRACER.png, id=39, 860.21375pt x 861.2175pt>
File: 17302-ID(87)MULTI-TRACER.png Graphic file (type png)
<use 17302-ID(87)MULTI-TRACER.png>
Package pdftex.def Info: 17302-ID(87)MULTI-TRACER.png  used on input line 180.
(pdftex.def)             Requested size: 78.24507pt x 78.3341pt.
<17302-ID(87)APP2.png, id=40, 865.2325pt x 866.23625pt>
File: 17302-ID(87)APP2.png Graphic file (type png)
<use 17302-ID(87)APP2.png>
Package pdftex.def Info: 17302-ID(87)APP2.png  used on input line 183.
(pdftex.def)             Requested size: 78.24507pt x 78.32799pt.
<18454-ID(162).png, id=41, 745.78625pt x 741.77126pt>
File: 18454-ID(162).png Graphic file (type png)
<use 18454-ID(162).png>
Package pdftex.def Info: 18454-ID(162).png  used on input line 188.
(pdftex.def)             Requested size: 78.24507pt x 77.81471pt.
<18454-ID(162)TRUE.png, id=42, 746.79pt x 743.77875pt>
File: 18454-ID(162)TRUE.png Graphic file (type png)
<use 18454-ID(162)TRUE.png>
Package pdftex.def Info: 18454-ID(162)TRUE.png  used on input line 191.
(pdftex.def)             Requested size: 78.24507pt x 77.92316pt.
<18454-ID(162)MULTI-TRACER.png, id=43, 740.7675pt x 735.74875pt>
File: 18454-ID(162)MULTI-TRACER.png Graphic file (type png)
<use 18454-ID(162)MULTI-TRACER.png>
Package pdftex.def Info: 18454-ID(162)MULTI-TRACER.png  used on input line 194.

(pdftex.def)             Requested size: 78.24507pt x 77.71057pt.
<18454-ID(162)APP2.png, id=44, 741.77126pt x 746.79pt>
File: 18454-ID(162)APP2.png Graphic file (type png)
<use 18454-ID(162)APP2.png>
Package pdftex.def Info: 18454-ID(162)APP2.png  used on input line 197.
(pdftex.def)             Requested size: 78.24507pt x 78.7742pt.
<Structure.png, id=45, 602.25pt x 340.27126pt>
File: Structure.png Graphic file (type png)
<use Structure.png>
Package pdftex.def Info: Structure.png  used on input line 202.
(pdftex.def)             Requested size: 105.2751pt x 59.48085pt.
<diffStructure.png, id=46, 627.34375pt x 328.22626pt>
File: diffStructure.png Graphic file (type png)
<use diffStructure.png>
Package pdftex.def Info: diffStructure.png  used on input line 205.
(pdftex.def)             Requested size: 105.2751pt x 55.07652pt.
<percentage.png, id=47, 549.05125pt x 353.32pt>
File: percentage.png Graphic file (type png)
<use percentage.png>
Package pdftex.def Info: percentage.png  used on input line 208.
(pdftex.def)             Requested size: 105.2751pt x 67.74069pt.

Overfull \hbox (22.54369pt too wide) in paragraph at lines 215--217
\OT1/cmr/m/n/10 entire-structure-average, differen-structure-average, and per-c
ent of different-structure. 
 []

<17302-ID(1).png, id=48, 806.01125pt x 792.9625pt>
File: 17302-ID(1).png Graphic file (type png)
<use 17302-ID(1).png>
Package pdftex.def Info: 17302-ID(1).png  used on input line 226.
(pdftex.def)             Requested size: 156.49014pt x 153.95554pt.
<17302-ID(1)TRUE.png, id=49, 837.1275pt x 822.07124pt>
File: 17302-ID(1)TRUE.png Graphic file (type png)
<use 17302-ID(1)TRUE.png>
Package pdftex.def Info: 17302-ID(1)TRUE.png  used on input line 229.
(pdftex.def)             Requested size: 156.49014pt x 153.67386pt.
<17302-ID(1)APP2.png, id=50, 833.1125pt x 826.08624pt>
File: 17302-ID(1)APP2.png Graphic file (type png)
<use 17302-ID(1)APP2.png>
Package pdftex.def Info: 17302-ID(1)APP2.png  used on input line 233.
(pdftex.def)             Requested size: 156.49014pt x 155.16809pt.
<17302-ID(1)APP2-GivenGlial.png, id=51, 833.1125pt x 826.08624pt>
File: 17302-ID(1)APP2-GivenGlial.png Graphic file (type png)
<use 17302-ID(1)APP2-GivenGlial.png>
Package pdftex.def Info: 17302-ID(1)APP2-GivenGlial.png  used on input line 236
.
(pdftex.def)             Requested size: 156.49014pt x 155.16809pt.
<17302-ID(1)MULTI-TRACER.png, id=52, 841.1425pt x 823.075pt>
File: 17302-ID(1)MULTI-TRACER.png Graphic file (type png)
<use 17302-ID(1)MULTI-TRACER.png>
Package pdftex.def Info: 17302-ID(1)MULTI-TRACER.png  used on input line 240.
(pdftex.def)             Requested size: 156.49014pt x 153.1205pt.
<17302-ID(1)MULTI-TRACER-GivenGlial.png, id=53, 813.0375pt x 808.01875pt>
File: 17302-ID(1)MULTI-TRACER-GivenGlial.png Graphic file (type png)
<use 17302-ID(1)MULTI-TRACER-GivenGlial.png>
Package pdftex.def Info: 17302-ID(1)MULTI-TRACER-GivenGlial.png  used on input 
line 243.
(pdftex.def)             Requested size: 156.49014pt x 155.5225pt.

LaTeX Warning: Float too large for page by 32.35585pt on input line 248.

[5] [6 <./17302-ID(8).png> <./17302-ID(8)TRUE.png> <./17302-ID(8)MULTI-TRACER.p
ng> <./17302-ID(8)APP2.png> <./17302-ID(87).png> <./17302-ID(87)TRUE.png> <./17
302-ID(87)MULTI-TRACER.png> <./17302-ID(87)APP2.png> <./18454-ID(162).png> <./1
8454-ID(162)TRUE.png> <./18454-ID(162)MULTI-TRACER.png> <./18454-ID(162)APP2.pn
g> <./Structure.png> <./diffStructure.png> <./percentage.png>] [7 <./17302-ID(1
).png> <./17302-ID(1)TRUE.png> <./17302-ID(1)APP2.png> <./17302-ID(1)APP2-Given
Glial.png> <./17302-ID(1)MULTI-TRACER.png> <./17302-ID(1)MULTI-TRACER-GivenGlia
l.png>] [8] (./samplepaper.aux) ) 
Here is how much of TeX's memory you used:
 2139 strings out of 492649
 30739 string characters out of 6131964
 104256 words of memory out of 5000000
 5990 multiletter control sequences out of 15000+600000
 6187 words of font info for 23 fonts, out of 8000000 for 9000
 1141 hyphenation exceptions out of 8191
 41i,6n,25p,938b,299s stack positions out of 5000i,500n,10000p,200000b,80000s
<d:/wp/texlive/2018/texmf-dist/fonts/type1/pub
lic/amsfonts/cm/cmbx10.pfb><d:/wp/texlive/2018/texmf-dist/fonts/type1/public/am
sfonts/cm/cmbx12.pfb><d:/wp/texlive/2018/texmf-dist/fonts/type1/public/amsfonts
/cm/cmbx9.pfb><d:/wp/texlive/2018/texmf-dist/fonts/type1/public/amsfonts/cm/cme
x10.pfb><d:/wp/texlive/2018/texmf-dist/fonts/type1/public/amsfonts/cm/cmmi10.pf
b><d:/wp/texlive/2018/texmf-dist/fonts/type1/public/amsfonts/cm/cmmi5.pfb><d:/w
p/texlive/2018/texmf-dist/fonts/type1/public/amsfonts/cm/cmmi7.pfb><d:/wp/texli
ve/2018/texmf-dist/fonts/type1/public/amsfonts/cm/cmr10.pfb><d:/wp/texlive/2018
/texmf-dist/fonts/type1/public/amsfonts/cm/cmr5.pfb><d:/wp/texlive/2018/texmf-d
ist/fonts/type1/public/amsfonts/cm/cmr7.pfb><d:/wp/texlive/2018/texmf-dist/font
s/type1/public/amsfonts/cm/cmr9.pfb><d:/wp/texlive/2018/texmf-dist/fonts/type1/
public/amsfonts/cm/cmsy10.pfb><d:/wp/texlive/2018/texmf-dist/fonts/type1/public
/amsfonts/cm/cmsy7.pfb><d:/wp/texlive/2018/texmf-dist/fonts/type1/public/amsfon
ts/cm/cmsy9.pfb><d:/wp/texlive/2018/texmf-dist/fonts/type1/public/amsfonts/cm/c
mtt9.pfb>
Output written on samplepaper.pdf (8 pages, 11606815 bytes).
PDF statistics:
 136 PDF objects out of 1000 (max. 8388607)
 66 compressed objects within 1 object stream
 0 named destinations out of 1000 (max. 500000)
 111 words of extra memory for PDF output out of 10000 (max. 10000000)

